<?xml version="1.0" encoding="UTF-8"?>
<testng-results skipped="0" failed="0" ignored="0" total="1" passed="1">
  <reporter-output>
  </reporter-output>
  <suite name="Default suite" duration-ms="19333" started-at="2019-12-05T17:27:10 IST" finished-at="2019-12-05T17:27:29 IST">
    <groups>
    </groups>
    <test name="Default test" duration-ms="19333" started-at="2019-12-05T17:27:10 IST" finished-at="2019-12-05T17:27:29 IST">
      <class name="QT">
        <test-method status="PASS" signature="fun()[pri:0, instance:QT@23e028a9]" name="fun" duration-ms="19244" started-at="2019-12-05T17:27:10 IST" finished-at="2019-12-05T17:27:29 IST">
          <reporter-output>
          </reporter-output>
        </test-method> <!-- fun -->
      </class> <!-- QT -->
    </test> <!-- Default test -->
  </suite> <!-- Default suite -->
</testng-results>
